[0.172s] DEBUG:colcon:Command line arguments: ['/usr/bin/colcon', 'build']
[0.172s] DEBUG:colcon:Parsed command line arguments: Namespace(log_base=None, log_level=None, verb_name='build', build_base='build', install_base='install', merge_install=False, symlink_install=False, test_result_base=None, continue_on_error=False, executor='parallel', parallel_workers=2, event_handlers=None, ignore_user_meta=False, metas=['./colcon.meta'], base_paths=['.'], packages_ignore=None, packages_ignore_regex=None, paths=None, packages_up_to=None, packages_up_to_regex=None, packages_above=None, packages_above_and_dependencies=None, packages_above_depth=None, packages_select_by_dep=None, packages_skip_by_dep=None, packages_skip_up_to=None, packages_select_build_failed=False, packages_skip_build_finished=False, packages_select_test_failures=False, packages_skip_test_passed=False, packages_select=None, packages_skip=None, packages_select_regex=None, packages_skip_regex=None, packages_start=None, packages_end=None, allow_overriding=[], cmake_args=None, cmake_target=None, cmake_target_skip_unavailable=False, cmake_clean_cache=False, cmake_clean_first=False, cmake_force_configure=False, ament_cmake_args=None, catkin_cmake_args=None, catkin_skip_building_tests=False, mixin_files=None, mixin=None, verb_parser=<colcon_mixin.mixin.mixin_argument.MixinArgumentDecorator object at 0x71f95df216f0>, verb_extension=<colcon_core.verb.build.BuildVerb object at 0x71f95df21120>, main=<bound method BuildVerb.main of <colcon_core.verb.build.BuildVerb object at 0x71f95df21120>>, mixin_verb=('build',))
[0.370s] Level 1:colcon.colcon_core.package_discovery:discover_packages(colcon_meta) check parameters
[0.371s] Level 1:colcon.colcon_core.package_discovery:discover_packages(recursive) check parameters
[0.371s] Level 1:colcon.colcon_core.package_discovery:discover_packages(ignore) check parameters
[0.371s] Level 1:colcon.colcon_core.package_discovery:discover_packages(path) check parameters
[0.371s] Level 1:colcon.colcon_core.package_discovery:discover_packages(colcon_meta) discover
[0.371s] Level 1:colcon.colcon_core.package_discovery:discover_packages(recursive) discover
[0.371s] INFO:colcon.colcon_core.package_discovery:Crawling recursively for packages in '/home/jonny/github-classroom/ITU-EMAV/trajectory-tracking-control-homework-2-team-jh'
[0.371s] Level 1:colcon.colcon_core.package_identification:_identify(.) by extensions ['ignore', 'ignore_ament_install']
[0.371s] Level 1:colcon.colcon_core.package_identification:_identify(.) by extension 'ignore'
[0.371s] Level 1:colcon.colcon_core.package_identification:_identify(.) by extension 'ignore_ament_install'
[0.371s] Level 1:colcon.colcon_core.package_identification:_identify(.) by extensions ['colcon_pkg']
[0.371s] Level 1:colcon.colcon_core.package_identification:_identify(.) by extension 'colcon_pkg'
[0.371s] Level 1:colcon.colcon_core.package_identification:_identify(.) by extensions ['colcon_meta']
[0.371s] Level 1:colcon.colcon_core.package_identification:_identify(.) by extension 'colcon_meta'
[0.371s] Level 1:colcon.colcon_core.package_identification:_identify(.) by extensions ['ros']
[0.371s] Level 1:colcon.colcon_core.package_identification:_identify(.) by extension 'ros'
[0.385s] Level 1:colcon.colcon_core.package_identification:_identify(.) by extensions ['cmake', 'python']
[0.385s] Level 1:colcon.colcon_core.package_identification:_identify(.) by extension 'cmake'
[0.385s] Level 1:colcon.colcon_core.package_identification:_identify(.) by extension 'python'
[0.385s] Level 1:colcon.colcon_core.package_identification:_identify(.) by extensions ['python_setup_py']
[0.385s] Level 1:colcon.colcon_core.package_identification:_identify(.) by extension 'python_setup_py'
[0.385s] Level 1:colcon.colcon_core.package_identification:_identify(build) by extensions ['ignore', 'ignore_ament_install']
[0.385s] Level 1:colcon.colcon_core.package_identification:_identify(build) by extension 'ignore'
[0.385s] Level 1:colcon.colcon_core.package_identification:_identify(build) ignored
[0.385s] Level 1:colcon.colcon_core.package_identification:_identify(install) by extensions ['ignore', 'ignore_ament_install']
[0.385s] Level 1:colcon.colcon_core.package_identification:_identify(install) by extension 'ignore'
[0.385s] Level 1:colcon.colcon_core.package_identification:_identify(install) ignored
[0.385s] Level 1:colcon.colcon_core.package_identification:_identify(log) by extensions ['ignore', 'ignore_ament_install']
[0.385s] Level 1:colcon.colcon_core.package_identification:_identify(log) by extension 'ignore'
[0.385s] Level 1:colcon.colcon_core.package_identification:_identify(log) ignored
[0.386s] Level 1:colcon.colcon_core.package_identification:_identify(src) by extensions ['ignore', 'ignore_ament_install']
[0.386s] Level 1:colcon.colcon_core.package_identification:_identify(src) by extension 'ignore'
[0.386s] Level 1:colcon.colcon_core.package_identification:_identify(src) by extension 'ignore_ament_install'
[0.386s] Level 1:colcon.colcon_core.package_identification:_identify(src) by extensions ['colcon_pkg']
[0.386s] Level 1:colcon.colcon_core.package_identification:_identify(src) by extension 'colcon_pkg'
[0.386s] Level 1:colcon.colcon_core.package_identification:_identify(src) by extensions ['colcon_meta']
[0.386s] Level 1:colcon.colcon_core.package_identification:_identify(src) by extension 'colcon_meta'
[0.386s] Level 1:colcon.colcon_core.package_identification:_identify(src) by extensions ['ros']
[0.386s] Level 1:colcon.colcon_core.package_identification:_identify(src) by extension 'ros'
[0.386s] Level 1:colcon.colcon_core.package_identification:_identify(src) by extensions ['cmake', 'python']
[0.386s] Level 1:colcon.colcon_core.package_identification:_identify(src) by extension 'cmake'
[0.386s] Level 1:colcon.colcon_core.package_identification:_identify(src) by extension 'python'
[0.386s] Level 1:colcon.colcon_core.package_identification:_identify(src) by extensions ['python_setup_py']
[0.386s] Level 1:colcon.colcon_core.package_identification:_identify(src) by extension 'python_setup_py'
[0.387s] Level 1:colcon.colcon_core.package_identification:_identify(src/gazebo_environment) by extensions ['ignore', 'ignore_ament_install']
[0.387s] Level 1:colcon.colcon_core.package_identification:_identify(src/gazebo_environment) by extension 'ignore'
[0.387s] Level 1:colcon.colcon_core.package_identification:_identify(src/gazebo_environment) by extension 'ignore_ament_install'
[0.387s] Level 1:colcon.colcon_core.package_identification:_identify(src/gazebo_environment) by extensions ['colcon_pkg']
[0.387s] Level 1:colcon.colcon_core.package_identification:_identify(src/gazebo_environment) by extension 'colcon_pkg'
[0.387s] Level 1:colcon.colcon_core.package_identification:_identify(src/gazebo_environment) by extensions ['colcon_meta']
[0.387s] Level 1:colcon.colcon_core.package_identification:_identify(src/gazebo_environment) by extension 'colcon_meta'
[0.387s] Level 1:colcon.colcon_core.package_identification:_identify(src/gazebo_environment) by extensions ['ros']
[0.387s] Level 1:colcon.colcon_core.package_identification:_identify(src/gazebo_environment) by extension 'ros'
[0.391s] DEBUG:colcon.colcon_core.package_identification:Package 'src/gazebo_environment' with type 'ros.ament_python' and name 'gazebo_environment'
[0.391s] Level 1:colcon.colcon_core.package_discovery:discover_packages(recursive) using defaults
[0.392s] Level 1:colcon.colcon_core.package_discovery:discover_packages(ignore) discover
[0.392s] Level 1:colcon.colcon_core.package_discovery:discover_packages(ignore) using defaults
[0.392s] Level 1:colcon.colcon_core.package_discovery:discover_packages(path) discover
[0.392s] Level 1:colcon.colcon_core.package_discovery:discover_packages(path) using defaults
[0.417s] Level 1:colcon.colcon_core.package_discovery:discover_packages(prefix_path) check parameters
[0.417s] Level 1:colcon.colcon_core.package_discovery:discover_packages(prefix_path) discover
[0.419s] Level 1:colcon.colcon_core.package_discovery:discover_packages(prefix_path) using defaults
[0.420s] Level 5:colcon.colcon_core.verb:set package 'gazebo_environment' build argument 'cmake_args' from command line to 'None'
[0.420s] Level 5:colcon.colcon_core.verb:set package 'gazebo_environment' build argument 'cmake_target' from command line to 'None'
[0.420s] Level 5:colcon.colcon_core.verb:set package 'gazebo_environment' build argument 'cmake_target_skip_unavailable' from command line to 'False'
[0.420s] Level 5:colcon.colcon_core.verb:set package 'gazebo_environment' build argument 'cmake_clean_cache' from command line to 'False'
[0.420s] Level 5:colcon.colcon_core.verb:set package 'gazebo_environment' build argument 'cmake_clean_first' from command line to 'False'
[0.420s] Level 5:colcon.colcon_core.verb:set package 'gazebo_environment' build argument 'cmake_force_configure' from command line to 'False'
[0.420s] Level 5:colcon.colcon_core.verb:set package 'gazebo_environment' build argument 'ament_cmake_args' from command line to 'None'
[0.420s] Level 5:colcon.colcon_core.verb:set package 'gazebo_environment' build argument 'catkin_cmake_args' from command line to 'None'
[0.420s] Level 5:colcon.colcon_core.verb:set package 'gazebo_environment' build argument 'catkin_skip_building_tests' from command line to 'False'
[0.420s] DEBUG:colcon.colcon_core.verb:Building package 'gazebo_environment' with the following arguments: {'ament_cmake_args': None, 'build_base': '/home/jonny/github-classroom/ITU-EMAV/trajectory-tracking-control-homework-2-team-jh/build/gazebo_environment', 'catkin_cmake_args': None, 'catkin_skip_building_tests': False, 'cmake_args': None, 'cmake_clean_cache': False, 'cmake_clean_first': False, 'cmake_force_configure': False, 'cmake_target': None, 'cmake_target_skip_unavailable': False, 'install_base': '/home/jonny/github-classroom/ITU-EMAV/trajectory-tracking-control-homework-2-team-jh/install/gazebo_environment', 'merge_install': False, 'path': '/home/jonny/github-classroom/ITU-EMAV/trajectory-tracking-control-homework-2-team-jh/src/gazebo_environment', 'symlink_install': False, 'test_result_base': None}
[0.420s] INFO:colcon.colcon_core.executor:Executing jobs using 'parallel' executor
[0.421s] DEBUG:colcon.colcon_parallel_executor.executor.parallel:run_until_complete
[0.421s] INFO:colcon.colcon_ros.task.ament_python.build:Building ROS package in '/home/jonny/github-classroom/ITU-EMAV/trajectory-tracking-control-homework-2-team-jh/src/gazebo_environment' with build type 'ament_python'
[0.421s] Level 1:colcon.colcon_core.shell:create_environment_hook('gazebo_environment', 'ament_prefix_path')
[0.426s] INFO:colcon.colcon_core.plugin_system:Skipping extension 'colcon_core.shell.bat': Not used on non-Windows systems
[0.426s] INFO:colcon.colcon_core.shell:Creating environment hook '/home/jonny/github-classroom/ITU-EMAV/trajectory-tracking-control-homework-2-team-jh/install/gazebo_environment/share/gazebo_environment/hook/ament_prefix_path.ps1'
[0.428s] INFO:colcon.colcon_core.shell:Creating environment descriptor '/home/jonny/github-classroom/ITU-EMAV/trajectory-tracking-control-homework-2-team-jh/install/gazebo_environment/share/gazebo_environment/hook/ament_prefix_path.dsv'
[0.429s] INFO:colcon.colcon_core.shell:Creating environment hook '/home/jonny/github-classroom/ITU-EMAV/trajectory-tracking-control-homework-2-team-jh/install/gazebo_environment/share/gazebo_environment/hook/ament_prefix_path.sh'
[0.430s] INFO:colcon.colcon_core.shell:Skip shell extension 'powershell' for command environment: Not usable outside of PowerShell
[0.430s] DEBUG:colcon.colcon_core.shell:Skip shell extension 'dsv' for command environment
[0.616s] INFO:colcon.colcon_core.task.python.build:Building Python package in '/home/jonny/github-classroom/ITU-EMAV/trajectory-tracking-control-homework-2-team-jh/src/gazebo_environment'
[0.616s] INFO:colcon.colcon_core.shell:Skip shell extension 'powershell' for command environment: Not usable outside of PowerShell
[0.616s] DEBUG:colcon.colcon_core.shell:Skip shell extension 'dsv' for command environment
[0.970s] DEBUG:colcon.colcon_core.event_handler.log_command:Invoking command in '/home/jonny/github-classroom/ITU-EMAV/trajectory-tracking-control-homework-2-team-jh/src/gazebo_environment': PYTHONPATH=/home/jonny/github-classroom/ITU-EMAV/trajectory-tracking-control-homework-2-team-jh/build/gazebo_environment/prefix_override:/usr/lib/python3/dist-packages/colcon_core/task/python/colcon_distutils_commands:/home/jonny/github-classroom/ITU-EMAV/trajectory-tracking-control-homework-2-team-jh/install/gazebo_environment/lib/python3.10/site-packages: /usr/bin/python3 -W ignore:setup.py install is deprecated -W ignore:easy_install command is deprecated setup.py egg_info --egg-base ../../build/gazebo_environment build --build-base /home/jonny/github-classroom/ITU-EMAV/trajectory-tracking-control-homework-2-team-jh/build/gazebo_environment/build install --record /home/jonny/github-classroom/ITU-EMAV/trajectory-tracking-control-homework-2-team-jh/build/gazebo_environment/install.log --single-version-externally-managed install_data
[1.208s] DEBUG:colcon.colcon_core.event_handler.log_command:Invoked command in '/home/jonny/github-classroom/ITU-EMAV/trajectory-tracking-control-homework-2-team-jh/src/gazebo_environment' returned '0': PYTHONPATH=/home/jonny/github-classroom/ITU-EMAV/trajectory-tracking-control-homework-2-team-jh/build/gazebo_environment/prefix_override:/usr/lib/python3/dist-packages/colcon_core/task/python/colcon_distutils_commands:/home/jonny/github-classroom/ITU-EMAV/trajectory-tracking-control-homework-2-team-jh/install/gazebo_environment/lib/python3.10/site-packages: /usr/bin/python3 -W ignore:setup.py install is deprecated -W ignore:easy_install command is deprecated setup.py egg_info --egg-base ../../build/gazebo_environment build --build-base /home/jonny/github-classroom/ITU-EMAV/trajectory-tracking-control-homework-2-team-jh/build/gazebo_environment/build install --record /home/jonny/github-classroom/ITU-EMAV/trajectory-tracking-control-homework-2-team-jh/build/gazebo_environment/install.log --single-version-externally-managed install_data
[1.217s] Level 1:colcon.colcon_core.environment:checking '/home/jonny/github-classroom/ITU-EMAV/trajectory-tracking-control-homework-2-team-jh/install/gazebo_environment' for CMake module files
[1.217s] Level 1:colcon.colcon_core.environment:checking '/home/jonny/github-classroom/ITU-EMAV/trajectory-tracking-control-homework-2-team-jh/install/gazebo_environment' for CMake config files
[1.218s] Level 1:colcon.colcon_core.environment:checking '/home/jonny/github-classroom/ITU-EMAV/trajectory-tracking-control-homework-2-team-jh/install/gazebo_environment/lib'
[1.218s] Level 1:colcon.colcon_core.environment:checking '/home/jonny/github-classroom/ITU-EMAV/trajectory-tracking-control-homework-2-team-jh/install/gazebo_environment/bin'
[1.218s] Level 1:colcon.colcon_core.environment:checking '/home/jonny/github-classroom/ITU-EMAV/trajectory-tracking-control-homework-2-team-jh/install/gazebo_environment/lib/pkgconfig/gazebo_environment.pc'
[1.218s] Level 1:colcon.colcon_core.environment:checking '/home/jonny/github-classroom/ITU-EMAV/trajectory-tracking-control-homework-2-team-jh/install/gazebo_environment/lib/python3.10/site-packages'
[1.218s] Level 1:colcon.colcon_core.shell:create_environment_hook('gazebo_environment', 'pythonpath')
[1.218s] INFO:colcon.colcon_core.shell:Creating environment hook '/home/jonny/github-classroom/ITU-EMAV/trajectory-tracking-control-homework-2-team-jh/install/gazebo_environment/share/gazebo_environment/hook/pythonpath.ps1'
[1.219s] INFO:colcon.colcon_core.shell:Creating environment descriptor '/home/jonny/github-classroom/ITU-EMAV/trajectory-tracking-control-homework-2-team-jh/install/gazebo_environment/share/gazebo_environment/hook/pythonpath.dsv'
[1.219s] INFO:colcon.colcon_core.shell:Creating environment hook '/home/jonny/github-classroom/ITU-EMAV/trajectory-tracking-control-homework-2-team-jh/install/gazebo_environment/share/gazebo_environment/hook/pythonpath.sh'
[1.219s] Level 1:colcon.colcon_core.environment:checking '/home/jonny/github-classroom/ITU-EMAV/trajectory-tracking-control-homework-2-team-jh/install/gazebo_environment/bin'
[1.219s] Level 1:colcon.colcon_core.environment:create_environment_scripts_only(gazebo_environment)
[1.220s] INFO:colcon.colcon_core.shell:Creating package script '/home/jonny/github-classroom/ITU-EMAV/trajectory-tracking-control-homework-2-team-jh/install/gazebo_environment/share/gazebo_environment/package.ps1'
[1.221s] INFO:colcon.colcon_core.shell:Creating package descriptor '/home/jonny/github-classroom/ITU-EMAV/trajectory-tracking-control-homework-2-team-jh/install/gazebo_environment/share/gazebo_environment/package.dsv'
[1.221s] INFO:colcon.colcon_core.shell:Creating package script '/home/jonny/github-classroom/ITU-EMAV/trajectory-tracking-control-homework-2-team-jh/install/gazebo_environment/share/gazebo_environment/package.sh'
[1.222s] INFO:colcon.colcon_core.shell:Creating package script '/home/jonny/github-classroom/ITU-EMAV/trajectory-tracking-control-homework-2-team-jh/install/gazebo_environment/share/gazebo_environment/package.bash'
[1.223s] INFO:colcon.colcon_core.shell:Creating package script '/home/jonny/github-classroom/ITU-EMAV/trajectory-tracking-control-homework-2-team-jh/install/gazebo_environment/share/gazebo_environment/package.zsh'
[1.225s] Level 1:colcon.colcon_core.environment:create_file_with_runtime_dependencies(/home/jonny/github-classroom/ITU-EMAV/trajectory-tracking-control-homework-2-team-jh/install/gazebo_environment/share/colcon-core/packages/gazebo_environment)
[1.225s] DEBUG:colcon.colcon_parallel_executor.executor.parallel:closing loop
[1.225s] DEBUG:colcon.colcon_parallel_executor.executor.parallel:loop closed
[1.226s] DEBUG:colcon.colcon_parallel_executor.executor.parallel:run_until_complete finished with '0'
[1.226s] DEBUG:colcon.colcon_core.event_reactor:joining thread
[1.244s] INFO:colcon.colcon_core.plugin_system:Skipping extension 'colcon_notification.desktop_notification.terminal_notifier': Not used on non-Darwin systems
[1.244s] INFO:colcon.colcon_core.plugin_system:Skipping extension 'colcon_notification.desktop_notification.win32': Not used on non-Windows systems
[1.244s] INFO:colcon.colcon_notification.desktop_notification:Sending desktop notification using 'notify2'
[1.258s] DEBUG:colcon.colcon_core.event_reactor:joined thread
[1.258s] INFO:colcon.colcon_core.shell:Creating prefix script '/home/jonny/github-classroom/ITU-EMAV/trajectory-tracking-control-homework-2-team-jh/install/local_setup.ps1'
[1.260s] INFO:colcon.colcon_core.shell:Creating prefix util module '/home/jonny/github-classroom/ITU-EMAV/trajectory-tracking-control-homework-2-team-jh/install/_local_setup_util_ps1.py'
[1.262s] INFO:colcon.colcon_core.shell:Creating prefix chain script '/home/jonny/github-classroom/ITU-EMAV/trajectory-tracking-control-homework-2-team-jh/install/setup.ps1'
[1.263s] INFO:colcon.colcon_core.shell:Creating prefix script '/home/jonny/github-classroom/ITU-EMAV/trajectory-tracking-control-homework-2-team-jh/install/local_setup.sh'
[1.263s] INFO:colcon.colcon_core.shell:Creating prefix util module '/home/jonny/github-classroom/ITU-EMAV/trajectory-tracking-control-homework-2-team-jh/install/_local_setup_util_sh.py'
[1.264s] INFO:colcon.colcon_core.shell:Creating prefix chain script '/home/jonny/github-classroom/ITU-EMAV/trajectory-tracking-control-homework-2-team-jh/install/setup.sh'
[1.265s] INFO:colcon.colcon_core.shell:Creating prefix script '/home/jonny/github-classroom/ITU-EMAV/trajectory-tracking-control-homework-2-team-jh/install/local_setup.bash'
[1.266s] INFO:colcon.colcon_core.shell:Creating prefix chain script '/home/jonny/github-classroom/ITU-EMAV/trajectory-tracking-control-homework-2-team-jh/install/setup.bash'
[1.267s] INFO:colcon.colcon_core.shell:Creating prefix script '/home/jonny/github-classroom/ITU-EMAV/trajectory-tracking-control-homework-2-team-jh/install/local_setup.zsh'
[1.267s] INFO:colcon.colcon_core.shell:Creating prefix chain script '/home/jonny/github-classroom/ITU-EMAV/trajectory-tracking-control-homework-2-team-jh/install/setup.zsh'
